<?xml version="1.0" encoding="UTF-8"?>
<testsuite xmlns:xsi="http://www.w3.org/2001/XMLSchema-instance" xsi:noNamespaceSchemaLocation="https://maven.apache.org/surefire/maven-surefire-plugin/xsd/surefire-test-report.xsd" name="TestSuite" time="23.211" tests="11" errors="0" skipped="0" failures="1">
  <properties>
[...]
</properties>
  <testcase name="validatePageTitleTest" classname="com.nopcommerce.tests.HomePageTest" time="0.337"/>
  <testcase name="verifyLogoTest" classname="com.nopcommerce.tests.HomePageTest" time="0.126"/>
  <testcase name="verifyRegisterLinkTest" classname="com.nopcommerce.tests.HomePageTest" time="0.021"/>
  <testcase name="verifyLoginPageNameTest" classname="com.nopcommerce.tests.LoginPageTest" time="0.067"/>
  <testcase name="verifyLoginLinkTest" classname="com.nopcommerce.tests.HomePageTest" time="0.091"/>
  <testcase name="verifySearchPageNameTest" classname="com.nopcommerce.tests.SearchPageTest" time="0.115"/>
  <testcase name="verifyRegisterButtonStatusTest" classname="com.nopcommerce.tests.LoginPageTest" time="0.063"/>
  <testcase name="verifyManufactureDropdownListTest" classname="com.nopcommerce.tests.SearchPageTest" time="0.129"/>
  <testcase name="validateCategoryListTest" classname="com.nopcommerce.tests.SearchPageTest" time="0.122"/>
  <testcase name="registerNewUserTest" classname="com.nopcommerce.tests.RegisterPageTest" time="5.32"/>
  <testcase name="validateUserLoginTest" classname="com.nopcommerce.tests.LoginPageTest" time="11.705">
    <failure message="no such element: Unable to locate element: {&quot;method&quot;:&quot;link text&quot;,&quot;selector&quot;:&quot;Log out&quot;}&#10;  (Session info: chrome=98.0.4758.102)&#10;For documentation on this error, please visit: https://www.seleniumhq.org/exceptions/no_such_element.html&#10;Build info: version: &apos;3.141.59&apos;, revision: &apos;e82be7d358&apos;, time: &apos;2018-11-14T08:17:03&apos;&#10;System info: host: &apos;DESKTOP-4TKG998&apos;, ip: &apos;172.30.16.1&apos;, os.name: &apos;Windows 10&apos;, os.arch: &apos;amd64&apos;, os.version: &apos;10.0&apos;, java.version: &apos;11.0.12&apos;&#10;Driver info: org.openqa.selenium.chrome.ChromeDriver&#10;Capabilities {acceptInsecureCerts: false, browserName: chrome, browserVersion: 98.0.4758.102, chrome: {chromedriverVersion: 98.0.4758.102 (273bf7ac8c90..., userDataDir: C:\Users\Elshat\AppData\Loc...}, goog:chromeOptions: {debuggerAddress: localhost:55977}, javascriptEnabled: true, networkConnectionEnabled: false, pageLoadStrategy: normal, platform: WINDOWS, platformName: WINDOWS, proxy: Proxy(), setWindowRect: true, strictFileInteractability: false, timeouts: {implicit: 0, pageLoad: 300000, script: 30000}, unhandledPromptBehavior: dismiss and notify, webauthn:extension:credBlob: true, webauthn:extension:largeBlob: true, webauthn:virtualAuthenticators: true}&#10;Session ID: 302ad13d152cfe1a64920368f620610d&#10;*** Element info: {Using=link text, value=Log out}" type="org.openqa.selenium.NoSuchElementException">org.openqa.selenium.NoSuchElementException: 
no such element: Unable to locate element: {"method":"link text","selector":"Log out"}
  (Session info: chrome=98.0.4758.102)
For documentation on this error, please visit: https://www.seleniumhq.org/exceptions/no_such_element.html
Build info: version: '3.141.59', revision: 'e82be7d358', time: '2018-11-14T08:17:03'
System info: host: 'DESKTOP-4TKG998', ip: '172.30.16.1', os.name: 'Windows 10', os.arch: 'amd64', os.version: '10.0', java.version: '11.0.12'
Driver info: org.openqa.selenium.chrome.ChromeDriver
Capabilities {acceptInsecureCerts: false, browserName: chrome, browserVersion: 98.0.4758.102, chrome: {chromedriverVersion: 98.0.4758.102 (273bf7ac8c90..., userDataDir: C:\Users\Elshat\AppData\Loc...}, goog:chromeOptions: {debuggerAddress: localhost:55977}, javascriptEnabled: true, networkConnectionEnabled: false, pageLoadStrategy: normal, platform: WINDOWS, platformName: WINDOWS, proxy: Proxy(), setWindowRect: true, strictFileInteractability: false, timeouts: {implicit: 0, pageLoad: 300000, script: 30000}, unhandledPromptBehavior: dismiss and notify, webauthn:extension:credBlob: true, webauthn:extension:largeBlob: true, webauthn:virtualAuthenticators: true}
Session ID: 302ad13d152cfe1a64920368f620610d
*** Element info: {Using=link text, value=Log out}
	at com.nopcommerce.tests.LoginPageTest.validateUserLoginTest(LoginPageTest.java:31)
</failure>
    <system-out><![CDATA[I am in onFinish method register page test
Test Suite is ending!
I am in onTestFailure method validateUserLoginTest failed
Screenshot captured for test case:validateUserLoginTest
validateUserLoginTest failed!
]]></system-out>
  </testcase>
</testsuite>