<?xml version="1.0" encoding="UTF-8"?>
<!-- Generated by org.testng.reporters.JUnitXMLReporter -->
<testsuite ignored="0" hostname="DESKTOP-4TKG998" failures="0" tests="4" name="home page test" time="7.501" errors="0" timestamp="2022-02-17T21:28:52 CST">
  <testcase classname="com.nopcommerce.tests.HomePageTest" name="validatePageTitleTest" time="0.098"/>
  <testcase classname="com.nopcommerce.tests.HomePageTest" name="verifyLogoTest" time="0.123"/>
  <testcase classname="com.nopcommerce.tests.HomePageTest" name="verifyRegisterLinkTest" time="0.08"/>
  <testcase classname="com.nopcommerce.tests.HomePageTest" name="verifyLoginLinkTest" time="0.085"/>
</testsuite> <!-- home page test -->
