<?xml version="1.0" encoding="UTF-8"?>
<!-- Generated by org.testng.reporters.JUnitXMLReporter -->
<testsuite ignored="0" hostname="DESKTOP-4TKG998" failures="0" tests="3" name="search page test" time="9.637" errors="0" timestamp="2022-02-17T21:28:54 CST">
  <testcase classname="com.nopcommerce.tests.SearchPageTest" name="verifySearchPageNameTest" time="0.11"/>
  <testcase classname="com.nopcommerce.tests.SearchPageTest" name="verifyManufactureDropdownListTest" time="0.871"/>
  <testcase classname="com.nopcommerce.tests.SearchPageTest" name="validateCategoryListTest" time="0.118"/>
</testsuite> <!-- search page test -->
